running egg_info
creating build/maa_robot_spawner_pkg/maa_robot_spawner_pkg.egg-info
writing build/maa_robot_spawner_pkg/maa_robot_spawner_pkg.egg-info/PKG-INFO
writing dependency_links to build/maa_robot_spawner_pkg/maa_robot_spawner_pkg.egg-info/dependency_links.txt
writing entry points to build/maa_robot_spawner_pkg/maa_robot_spawner_pkg.egg-info/entry_points.txt
writing requirements to build/maa_robot_spawner_pkg/maa_robot_spawner_pkg.egg-info/requires.txt
writing top-level names to build/maa_robot_spawner_pkg/maa_robot_spawner_pkg.egg-info/top_level.txt
writing manifest file 'build/maa_robot_spawner_pkg/maa_robot_spawner_pkg.egg-info/SOURCES.txt'
reading manifest file 'build/maa_robot_spawner_pkg/maa_robot_spawner_pkg.egg-info/SOURCES.txt'
writing manifest file 'build/maa_robot_spawner_pkg/maa_robot_spawner_pkg.egg-info/SOURCES.txt'
running build
running build_py
creating /home/mauricio/ws/src/maa_robot_spawner_pkg/build/maa_robot_spawner_pkg/build
creating /home/mauricio/ws/src/maa_robot_spawner_pkg/build/maa_robot_spawner_pkg/build/lib
creating /home/mauricio/ws/src/maa_robot_spawner_pkg/build/maa_robot_spawner_pkg/build/lib/maa_robot_spawner_pkg
copying maa_robot_spawner_pkg/spawn_demo.py -> /home/mauricio/ws/src/maa_robot_spawner_pkg/build/maa_robot_spawner_pkg/build/lib/maa_robot_spawner_pkg
copying maa_robot_spawner_pkg/__init__.py -> /home/mauricio/ws/src/maa_robot_spawner_pkg/build/maa_robot_spawner_pkg/build/lib/maa_robot_spawner_pkg
running install
running install_lib
creating /home/mauricio/ws/src/maa_robot_spawner_pkg/install/maa_robot_spawner_pkg/lib/python3.8/site-packages/maa_robot_spawner_pkg
copying /home/mauricio/ws/src/maa_robot_spawner_pkg/build/maa_robot_spawner_pkg/build/lib/maa_robot_spawner_pkg/spawn_demo.py -> /home/mauricio/ws/src/maa_robot_spawner_pkg/install/maa_robot_spawner_pkg/lib/python3.8/site-packages/maa_robot_spawner_pkg
copying /home/mauricio/ws/src/maa_robot_spawner_pkg/build/maa_robot_spawner_pkg/build/lib/maa_robot_spawner_pkg/__init__.py -> /home/mauricio/ws/src/maa_robot_spawner_pkg/install/maa_robot_spawner_pkg/lib/python3.8/site-packages/maa_robot_spawner_pkg
byte-compiling /home/mauricio/ws/src/maa_robot_spawner_pkg/install/maa_robot_spawner_pkg/lib/python3.8/site-packages/maa_robot_spawner_pkg/spawn_demo.py to spawn_demo.cpython-38.pyc
byte-compiling /home/mauricio/ws/src/maa_robot_spawner_pkg/install/maa_robot_spawner_pkg/lib/python3.8/site-packages/maa_robot_spawner_pkg/__init__.py to __init__.cpython-38.pyc
running install_data
creating /home/mauricio/ws/src/maa_robot_spawner_pkg/install/maa_robot_spawner_pkg/share/ament_index
creating /home/mauricio/ws/src/maa_robot_spawner_pkg/install/maa_robot_spawner_pkg/share/ament_index/resource_index
creating /home/mauricio/ws/src/maa_robot_spawner_pkg/install/maa_robot_spawner_pkg/share/ament_index/resource_index/packages
copying resource/maa_robot_spawner_pkg -> /home/mauricio/ws/src/maa_robot_spawner_pkg/install/maa_robot_spawner_pkg/share/ament_index/resource_index/packages
copying package.xml -> /home/mauricio/ws/src/maa_robot_spawner_pkg/install/maa_robot_spawner_pkg/share/maa_robot_spawner_pkg
creating /home/mauricio/ws/src/maa_robot_spawner_pkg/install/maa_robot_spawner_pkg/share/maa_robot_spawner_pkg/launch
copying launch/gazebo_world.launch.py -> /home/mauricio/ws/src/maa_robot_spawner_pkg/install/maa_robot_spawner_pkg/share/maa_robot_spawner_pkg/launch
creating /home/mauricio/ws/src/maa_robot_spawner_pkg/install/maa_robot_spawner_pkg/share/maa_robot_spawner_pkg/worlds
copying ./worlds/warehouse.world -> /home/mauricio/ws/src/maa_robot_spawner_pkg/install/maa_robot_spawner_pkg/share/maa_robot_spawner_pkg/worlds/
creating /home/mauricio/ws/src/maa_robot_spawner_pkg/install/maa_robot_spawner_pkg/share/maa_robot_spawner_pkg/models
creating /home/mauricio/ws/src/maa_robot_spawner_pkg/install/maa_robot_spawner_pkg/share/maa_robot_spawner_pkg/models/maa_cenario
copying ./models/maa_cenario/model.config -> /home/mauricio/ws/src/maa_robot_spawner_pkg/install/maa_robot_spawner_pkg/share/maa_robot_spawner_pkg/models/maa_cenario/
copying ./models/maa_cenario/model.sdf -> /home/mauricio/ws/src/maa_robot_spawner_pkg/install/maa_robot_spawner_pkg/share/maa_robot_spawner_pkg/models/maa_cenario/
creating /home/mauricio/ws/src/maa_robot_spawner_pkg/install/maa_robot_spawner_pkg/share/maa_robot_spawner_pkg/models/maa_robot
copying ./models/maa_robot/model.config -> /home/mauricio/ws/src/maa_robot_spawner_pkg/install/maa_robot_spawner_pkg/share/maa_robot_spawner_pkg/models/maa_robot/
copying ./models/maa_robot/model.sdf -> /home/mauricio/ws/src/maa_robot_spawner_pkg/install/maa_robot_spawner_pkg/share/maa_robot_spawner_pkg/models/maa_robot/
copying ./worlds/warehouse.world -> /home/mauricio/ws/src/maa_robot_spawner_pkg/install/maa_robot_spawner_pkg/share/maa_robot_spawner_pkg/models/
running install_egg_info
Copying build/maa_robot_spawner_pkg/maa_robot_spawner_pkg.egg-info to /home/mauricio/ws/src/maa_robot_spawner_pkg/install/maa_robot_spawner_pkg/lib/python3.8/site-packages/maa_robot_spawner_pkg-0.1.0-py3.8.egg-info
running install_scripts
Installing spawn_demo script to /home/mauricio/ws/src/maa_robot_spawner_pkg/install/maa_robot_spawner_pkg/lib/maa_robot_spawner_pkg
writing list of installed files to '/home/mauricio/ws/src/maa_robot_spawner_pkg/build/maa_robot_spawner_pkg/install.log'
