[0.336s] Invoking command in '/home/mauricio/ws/src/maa_robot_spawner_pkg': PYTHONPATH=/home/mauricio/ws/src/maa_robot_spawner_pkg/install/maa_robot_spawner_pkg/lib/python3.8/site-packages:${PYTHONPATH} /usr/bin/python3 setup.py egg_info --egg-base build/maa_robot_spawner_pkg build --build-base /home/mauricio/ws/src/maa_robot_spawner_pkg/build/maa_robot_spawner_pkg/build install --prefix /home/mauricio/ws/src/maa_robot_spawner_pkg/install/maa_robot_spawner_pkg --record /home/mauricio/ws/src/maa_robot_spawner_pkg/build/maa_robot_spawner_pkg/install.log --single-version-externally-managed
[0.594s] running egg_info
[0.595s] creating build/maa_robot_spawner_pkg/maa_robot_spawner_pkg.egg-info
[0.595s] writing build/maa_robot_spawner_pkg/maa_robot_spawner_pkg.egg-info/PKG-INFO
[0.595s] writing dependency_links to build/maa_robot_spawner_pkg/maa_robot_spawner_pkg.egg-info/dependency_links.txt
[0.595s] writing entry points to build/maa_robot_spawner_pkg/maa_robot_spawner_pkg.egg-info/entry_points.txt
[0.596s] writing requirements to build/maa_robot_spawner_pkg/maa_robot_spawner_pkg.egg-info/requires.txt
[0.596s] writing top-level names to build/maa_robot_spawner_pkg/maa_robot_spawner_pkg.egg-info/top_level.txt
[0.596s] writing manifest file 'build/maa_robot_spawner_pkg/maa_robot_spawner_pkg.egg-info/SOURCES.txt'
[0.628s] reading manifest file 'build/maa_robot_spawner_pkg/maa_robot_spawner_pkg.egg-info/SOURCES.txt'
[0.629s] writing manifest file 'build/maa_robot_spawner_pkg/maa_robot_spawner_pkg.egg-info/SOURCES.txt'
[0.629s] running build
[0.629s] running build_py
[0.629s] creating /home/mauricio/ws/src/maa_robot_spawner_pkg/build/maa_robot_spawner_pkg/build
[0.630s] creating /home/mauricio/ws/src/maa_robot_spawner_pkg/build/maa_robot_spawner_pkg/build/lib
[0.630s] creating /home/mauricio/ws/src/maa_robot_spawner_pkg/build/maa_robot_spawner_pkg/build/lib/maa_robot_spawner_pkg
[0.630s] copying maa_robot_spawner_pkg/spawn_demo.py -> /home/mauricio/ws/src/maa_robot_spawner_pkg/build/maa_robot_spawner_pkg/build/lib/maa_robot_spawner_pkg
[0.630s] copying maa_robot_spawner_pkg/__init__.py -> /home/mauricio/ws/src/maa_robot_spawner_pkg/build/maa_robot_spawner_pkg/build/lib/maa_robot_spawner_pkg
[0.630s] running install
[0.631s] running install_lib
[0.631s] creating /home/mauricio/ws/src/maa_robot_spawner_pkg/install/maa_robot_spawner_pkg/lib/python3.8/site-packages/maa_robot_spawner_pkg
[0.631s] copying /home/mauricio/ws/src/maa_robot_spawner_pkg/build/maa_robot_spawner_pkg/build/lib/maa_robot_spawner_pkg/spawn_demo.py -> /home/mauricio/ws/src/maa_robot_spawner_pkg/install/maa_robot_spawner_pkg/lib/python3.8/site-packages/maa_robot_spawner_pkg
[0.632s] copying /home/mauricio/ws/src/maa_robot_spawner_pkg/build/maa_robot_spawner_pkg/build/lib/maa_robot_spawner_pkg/__init__.py -> /home/mauricio/ws/src/maa_robot_spawner_pkg/install/maa_robot_spawner_pkg/lib/python3.8/site-packages/maa_robot_spawner_pkg
[0.632s] byte-compiling /home/mauricio/ws/src/maa_robot_spawner_pkg/install/maa_robot_spawner_pkg/lib/python3.8/site-packages/maa_robot_spawner_pkg/spawn_demo.py to spawn_demo.cpython-38.pyc
[0.633s] byte-compiling /home/mauricio/ws/src/maa_robot_spawner_pkg/install/maa_robot_spawner_pkg/lib/python3.8/site-packages/maa_robot_spawner_pkg/__init__.py to __init__.cpython-38.pyc
[0.633s] running install_data
[0.633s] creating /home/mauricio/ws/src/maa_robot_spawner_pkg/install/maa_robot_spawner_pkg/share/ament_index
[0.634s] creating /home/mauricio/ws/src/maa_robot_spawner_pkg/install/maa_robot_spawner_pkg/share/ament_index/resource_index
[0.634s] creating /home/mauricio/ws/src/maa_robot_spawner_pkg/install/maa_robot_spawner_pkg/share/ament_index/resource_index/packages
[0.634s] copying resource/maa_robot_spawner_pkg -> /home/mauricio/ws/src/maa_robot_spawner_pkg/install/maa_robot_spawner_pkg/share/ament_index/resource_index/packages
[0.634s] copying package.xml -> /home/mauricio/ws/src/maa_robot_spawner_pkg/install/maa_robot_spawner_pkg/share/maa_robot_spawner_pkg
[0.635s] creating /home/mauricio/ws/src/maa_robot_spawner_pkg/install/maa_robot_spawner_pkg/share/maa_robot_spawner_pkg/launch
[0.635s] copying launch/gazebo_world.launch.py -> /home/mauricio/ws/src/maa_robot_spawner_pkg/install/maa_robot_spawner_pkg/share/maa_robot_spawner_pkg/launch
[0.635s] creating /home/mauricio/ws/src/maa_robot_spawner_pkg/install/maa_robot_spawner_pkg/share/maa_robot_spawner_pkg/worlds
[0.635s] copying ./worlds/warehouse.world -> /home/mauricio/ws/src/maa_robot_spawner_pkg/install/maa_robot_spawner_pkg/share/maa_robot_spawner_pkg/worlds/
[0.635s] creating /home/mauricio/ws/src/maa_robot_spawner_pkg/install/maa_robot_spawner_pkg/share/maa_robot_spawner_pkg/models
[0.635s] creating /home/mauricio/ws/src/maa_robot_spawner_pkg/install/maa_robot_spawner_pkg/share/maa_robot_spawner_pkg/models/maa_cenario
[0.635s] copying ./models/maa_cenario/model.config -> /home/mauricio/ws/src/maa_robot_spawner_pkg/install/maa_robot_spawner_pkg/share/maa_robot_spawner_pkg/models/maa_cenario/
[0.635s] copying ./models/maa_cenario/model.sdf -> /home/mauricio/ws/src/maa_robot_spawner_pkg/install/maa_robot_spawner_pkg/share/maa_robot_spawner_pkg/models/maa_cenario/
[0.635s] creating /home/mauricio/ws/src/maa_robot_spawner_pkg/install/maa_robot_spawner_pkg/share/maa_robot_spawner_pkg/models/maa_robot
[0.636s] copying ./models/maa_robot/model.config -> /home/mauricio/ws/src/maa_robot_spawner_pkg/install/maa_robot_spawner_pkg/share/maa_robot_spawner_pkg/models/maa_robot/
[0.636s] copying ./models/maa_robot/model.sdf -> /home/mauricio/ws/src/maa_robot_spawner_pkg/install/maa_robot_spawner_pkg/share/maa_robot_spawner_pkg/models/maa_robot/
[0.636s] copying ./worlds/warehouse.world -> /home/mauricio/ws/src/maa_robot_spawner_pkg/install/maa_robot_spawner_pkg/share/maa_robot_spawner_pkg/models/
[0.636s] running install_egg_info
[0.636s] Copying build/maa_robot_spawner_pkg/maa_robot_spawner_pkg.egg-info to /home/mauricio/ws/src/maa_robot_spawner_pkg/install/maa_robot_spawner_pkg/lib/python3.8/site-packages/maa_robot_spawner_pkg-0.1.0-py3.8.egg-info
[0.637s] running install_scripts
[0.654s] Installing spawn_demo script to /home/mauricio/ws/src/maa_robot_spawner_pkg/install/maa_robot_spawner_pkg/lib/maa_robot_spawner_pkg
[0.654s] writing list of installed files to '/home/mauricio/ws/src/maa_robot_spawner_pkg/build/maa_robot_spawner_pkg/install.log'
[0.679s] Invoked command in '/home/mauricio/ws/src/maa_robot_spawner_pkg' returned '0': PYTHONPATH=/home/mauricio/ws/src/maa_robot_spawner_pkg/install/maa_robot_spawner_pkg/lib/python3.8/site-packages:${PYTHONPATH} /usr/bin/python3 setup.py egg_info --egg-base build/maa_robot_spawner_pkg build --build-base /home/mauricio/ws/src/maa_robot_spawner_pkg/build/maa_robot_spawner_pkg/build install --prefix /home/mauricio/ws/src/maa_robot_spawner_pkg/install/maa_robot_spawner_pkg --record /home/mauricio/ws/src/maa_robot_spawner_pkg/build/maa_robot_spawner_pkg/install.log --single-version-externally-managed
