/home/mauricio/ws/src/maa_robot_spawner_pkg/install/maa_robot_spawner_pkg/lib/python3.8/site-packages/maa_robot_spawner_pkg/spawn_demo.py
/home/mauricio/ws/src/maa_robot_spawner_pkg/install/maa_robot_spawner_pkg/lib/python3.8/site-packages/maa_robot_spawner_pkg/__init__.py
/home/mauricio/ws/src/maa_robot_spawner_pkg/install/maa_robot_spawner_pkg/lib/python3.8/site-packages/maa_robot_spawner_pkg/__pycache__/spawn_demo.cpython-38.pyc
/home/mauricio/ws/src/maa_robot_spawner_pkg/install/maa_robot_spawner_pkg/lib/python3.8/site-packages/maa_robot_spawner_pkg/__pycache__/__init__.cpython-38.pyc
/home/mauricio/ws/src/maa_robot_spawner_pkg/install/maa_robot_spawner_pkg/share/ament_index/resource_index/packages/maa_robot_spawner_pkg
/home/mauricio/ws/src/maa_robot_spawner_pkg/install/maa_robot_spawner_pkg/share/maa_robot_spawner_pkg/package.xml
/home/mauricio/ws/src/maa_robot_spawner_pkg/install/maa_robot_spawner_pkg/share/maa_robot_spawner_pkg/launch/gazebo_world.launch.py
/home/mauricio/ws/src/maa_robot_spawner_pkg/install/maa_robot_spawner_pkg/share/maa_robot_spawner_pkg/worlds/warehouse.world
/home/mauricio/ws/src/maa_robot_spawner_pkg/install/maa_robot_spawner_pkg/share/maa_robot_spawner_pkg/models/maa_cenario/model.config
/home/mauricio/ws/src/maa_robot_spawner_pkg/install/maa_robot_spawner_pkg/share/maa_robot_spawner_pkg/models/maa_cenario/model.sdf
/home/mauricio/ws/src/maa_robot_spawner_pkg/install/maa_robot_spawner_pkg/share/maa_robot_spawner_pkg/models/maa_robot/model.config
/home/mauricio/ws/src/maa_robot_spawner_pkg/install/maa_robot_spawner_pkg/share/maa_robot_spawner_pkg/models/maa_robot/model.sdf
/home/mauricio/ws/src/maa_robot_spawner_pkg/install/maa_robot_spawner_pkg/share/maa_robot_spawner_pkg/models/warehouse.world
/home/mauricio/ws/src/maa_robot_spawner_pkg/install/maa_robot_spawner_pkg/lib/python3.8/site-packages/maa_robot_spawner_pkg-0.1.0-py3.8.egg-info/entry_points.txt
/home/mauricio/ws/src/maa_robot_spawner_pkg/install/maa_robot_spawner_pkg/lib/python3.8/site-packages/maa_robot_spawner_pkg-0.1.0-py3.8.egg-info/zip-safe
/home/mauricio/ws/src/maa_robot_spawner_pkg/install/maa_robot_spawner_pkg/lib/python3.8/site-packages/maa_robot_spawner_pkg-0.1.0-py3.8.egg-info/PKG-INFO
/home/mauricio/ws/src/maa_robot_spawner_pkg/install/maa_robot_spawner_pkg/lib/python3.8/site-packages/maa_robot_spawner_pkg-0.1.0-py3.8.egg-info/requires.txt
/home/mauricio/ws/src/maa_robot_spawner_pkg/install/maa_robot_spawner_pkg/lib/python3.8/site-packages/maa_robot_spawner_pkg-0.1.0-py3.8.egg-info/top_level.txt
/home/mauricio/ws/src/maa_robot_spawner_pkg/install/maa_robot_spawner_pkg/lib/python3.8/site-packages/maa_robot_spawner_pkg-0.1.0-py3.8.egg-info/SOURCES.txt
/home/mauricio/ws/src/maa_robot_spawner_pkg/install/maa_robot_spawner_pkg/lib/python3.8/site-packages/maa_robot_spawner_pkg-0.1.0-py3.8.egg-info/dependency_links.txt
/home/mauricio/ws/src/maa_robot_spawner_pkg/install/maa_robot_spawner_pkg/lib/maa_robot_spawner_pkg/spawn_demo
